# JRE version: OpenJDK Runtime Environment (17.0.7) (build 17.0.7+0-b2043.56-10550314)
# Java VM: OpenJDK 64-Bit Server VM (17.0.7+0-b2043.56-10550314, mixed mode, tiered, compressed oops, compressed class ptrs, g1 gc, windows-amd64)
GC Precious Log:
 CPUs: 16 total, 16 available
 Memory: 23916M
 Large Page Support: Disabled
 NUMA Support: Disabled
 Compressed Oops: Enabled (Zero based)
 Heap Region Size: 4M
 Heap Min Capacity: 8M
 Heap Initial Capacity: 376M
 Heap Max Capacity: 5980M
 Pre-touch: Disabled
 Parallel Workers: 13
 Concurrent Workers: 3
 Concurrent Refinement Workers: 13
 Periodic GC: Disabled
Heap:
 garbage-first heap   total 364544K, used 273788K [0x000000068a400000, 0x0000000800000000)
  region size 4096K, 48 young (196608K), 1 survivors (4096K)
 Metaspace       used 66441K, committed 66752K, reserved 1114112K
  class space    used 7414K, committed 7616K, reserved 1048576K
GC Heap History (20 events):
Event: 22.289 GC heap before
{Heap before GC invocations=30 (full 0):
 garbage-first heap   total 184320K, used 142439K [0x000000068a400000, 0x0000000800000000)
  region size 4096K, 16 young (65536K), 2 survivors (8192K)
 Metaspace       used 66183K, committed 66432K, reserved 1114112K
  class space    used 7403K, committed 7488K, reserved 1048576K
}
Event: 22.296 GC heap after
{Heap after GC invocations=31 (full 0):
 garbage-first heap   total 184320K, used 85865K [0x000000068a400000, 0x0000000800000000)
  region size 4096K, 1 young (4096K), 1 survivors (4096K)
 Metaspace       used 66183K, committed 66432K, reserved 1114112K
  class space    used 7403K, committed 7488K, reserved 1048576K
}
Event: 22.436 GC heap before
{Heap before GC invocations=31 (full 0):
 garbage-first heap   total 184320K, used 143209K [0x000000068a400000, 0x0000000800000000)
  region size 4096K, 15 young (61440K), 1 survivors (4096K)
 Metaspace       used 66183K, committed 66432K, reserved 1114112K
  class space    used 7403K, committed 7488K, reserved 1048576K
}
Event: 22.439 GC heap after
{Heap after GC invocations=32 (full 0):
 garbage-first heap   total 184320K, used 85217K [0x000000068a400000, 0x0000000800000000)
  region size 4096K, 1 young (4096K), 1 survivors (4096K)
 Metaspace       used 66183K, committed 66432K, reserved 1114112K
  class space    used 7403K, committed 7488K, reserved 1048576K
}
Event: 22.657 GC heap before
{Heap before GC invocations=33 (full 0):
 garbage-first heap   total 184320K, used 146657K [0x000000068a400000, 0x0000000800000000)
  region size 4096K, 16 young (65536K), 1 survivors (4096K)
 Metaspace       used 66183K, committed 66432K, reserved 1114112K
  class space    used 7403K, committed 7488K, reserved 1048576K
}
Event: 22.659 GC heap after
{Heap after GC invocations=34 (full 0):
 garbage-first heap   total 184320K, used 85322K [0x000000068a400000, 0x0000000800000000)
  region size 4096K, 1 young (4096K), 1 survivors (4096K)
 Metaspace       used 66183K, committed 66432K, reserved 1114112K
  class space    used 7403K, committed 7488K, reserved 1048576K
}
Event: 22.768 GC heap before
{Heap before GC invocations=34 (full 0):
 garbage-first heap   total 184320K, used 146762K [0x000000068a400000, 0x0000000800000000)
  region size 4096K, 16 young (65536K), 1 survivors (4096K)
 Metaspace       used 66185K, committed 66432K, reserved 1114112K
  class space    used 7403K, committed 7488K, reserved 1048576K
}
Event: 22.771 GC heap after
{Heap after GC invocations=35 (full 0):
 garbage-first heap   total 184320K, used 85282K [0x000000068a400000, 0x0000000800000000)
  region size 4096K, 1 young (4096K), 1 survivors (4096K)
 Metaspace       used 66185K, committed 66432K, reserved 1114112K
  class space    used 7403K, committed 7488K, reserved 1048576K
}
Event: 22.887 GC heap before
{Heap before GC invocations=35 (full 0):
 garbage-first heap   total 233472K, used 150818K [0x000000068a400000, 0x0000000800000000)
  region size 4096K, 17 young (69632K), 1 survivors (4096K)
 Metaspace       used 66185K, committed 66432K, reserved 1114112K
  class space    used 7403K, committed 7488K, reserved 1048576K
}
Event: 22.890 GC heap after
{Heap after GC invocations=36 (full 0):
 garbage-first heap   total 364544K, used 85111K [0x000000068a400000, 0x0000000800000000)
  region size 4096K, 1 young (4096K), 1 survivors (4096K)
 Metaspace       used 66185K, committed 66432K, reserved 1114112K
  class space    used 7403K, committed 7488K, reserved 1048576K
}
Event: 23.503 GC heap before
{Heap before GC invocations=37 (full 0):
 garbage-first heap   total 364544K, used 298103K [0x000000068a400000, 0x0000000800000000)
  region size 4096K, 53 young (217088K), 1 survivors (4096K)
 Metaspace       used 66200K, committed 66432K, reserved 1114112K
  class space    used 7403K, committed 7488K, reserved 1048576K
}
Event: 23.505 GC heap after
{Heap after GC invocations=38 (full 0):
 garbage-first heap   total 364544K, used 85262K [0x000000068a400000, 0x0000000800000000)
  region size 4096K, 1 young (4096K), 1 survivors (4096K)
 Metaspace       used 66200K, committed 66432K, reserved 1114112K
  class space    used 7403K, committed 7488K, reserved 1048576K
}
Event: 23.973 GC heap before
{Heap before GC invocations=38 (full 0):
 garbage-first heap   total 364544K, used 298254K [0x000000068a400000, 0x0000000800000000)
  region size 4096K, 53 young (217088K), 1 survivors (4096K)
 Metaspace       used 66236K, committed 66496K, reserved 1114112K
  class space    used 7403K, committed 7488K, reserved 1048576K
}
Event: 23.975 GC heap after
{Heap after GC invocations=39 (full 0):
 garbage-first heap   total 364544K, used 85374K [0x000000068a400000, 0x0000000800000000)
  region size 4096K, 1 young (4096K), 1 survivors (4096K)
 Metaspace       used 66236K, committed 66496K, reserved 1114112K
  class space    used 7403K, committed 7488K, reserved 1048576K
}
Event: 24.642 GC heap before
{Heap before GC invocations=39 (full 0):
 garbage-first heap   total 364544K, used 298366K [0x000000068a400000, 0x0000000800000000)
  region size 4096K, 53 young (217088K), 1 survivors (4096K)
 Metaspace       used 66255K, committed 66496K, reserved 1114112K
  class space    used 7403K, committed 7488K, reserved 1048576K
}
Event: 24.644 GC heap after
{Heap after GC invocations=40 (full 0):
 garbage-first heap   total 364544K, used 85503K [0x000000068a400000, 0x0000000800000000)
  region size 4096K, 1 young (4096K), 1 survivors (4096K)
 Metaspace       used 66255K, committed 66496K, reserved 1114112K
  class space    used 7403K, committed 7488K, reserved 1048576K
}
Event: 24.957 GC heap before
{Heap before GC invocations=40 (full 0):
 garbage-first heap   total 364544K, used 298495K [0x000000068a400000, 0x0000000800000000)
  region size 4096K, 53 young (217088K), 1 survivors (4096K)
 Metaspace       used 66261K, committed 66496K, reserved 1114112K
  class space    used 7403K, committed 7488K, reserved 1048576K
}
Event: 24.958 GC heap after
{Heap after GC invocations=41 (full 0):
 garbage-first heap   total 364544K, used 85540K [0x000000068a400000, 0x0000000800000000)
  region size 4096K, 1 young (4096K), 1 survivors (4096K)
 Metaspace       used 66261K, committed 66496K, reserved 1114112K
  class space    used 7403K, committed 7488K, reserved 1048576K
}
Event: 25.299 GC heap before
{Heap before GC invocations=41 (full 0):
 garbage-first heap   total 364544K, used 298532K [0x000000068a400000, 0x0000000800000000)
  region size 4096K, 53 young (217088K), 1 survivors (4096K)
 Metaspace       used 66262K, committed 66496K, reserved 1114112K
  class space    used 7403K, committed 7488K, reserved 1048576K
}
Event: 25.301 GC heap after
{Heap after GC invocations=42 (full 0):
 garbage-first heap   total 364544K, used 85372K [0x000000068a400000, 0x0000000800000000)
  region size 4096K, 1 young (4096K), 1 survivors (4096K)
 Metaspace       used 66262K, committed 66496K, reserved 1114112K
  class space    used 7403K, committed 7488K, reserved 1048576K
}

