# JRE version: OpenJDK Runtime Environment (17.0.7) (build 17.0.7+0-b2043.56-10550314)
# Java VM: OpenJDK 64-Bit Server VM (17.0.7+0-b2043.56-10550314, mixed mode, tiered, compressed oops, compressed class ptrs, g1 gc, windows-amd64)
GC Precious Log:
 CPUs: 16 total, 16 available
 Memory: 23916M
 Large Page Support: Disabled
 NUMA Support: Disabled
 Compressed Oops: Enabled (Zero based)
 Heap Region Size: 4M
 Heap Min Capacity: 8M
 Heap Initial Capacity: 376M
 Heap Max Capacity: 5980M
 Pre-touch: Disabled
 Parallel Workers: 13
 Concurrent Workers: 3
 Concurrent Refinement Workers: 13
 Periodic GC: Disabled
Heap:
 garbage-first heap   total 143360K, used 78286K [0x000000068a400000, 0x0000000800000000)
  region size 4096K, 3 young (12288K), 2 survivors (8192K)
 Metaspace       used 65989K, committed 66304K, reserved 1114112K
  class space    used 7394K, committed 7552K, reserved 1048576K
GC Heap History (20 events):
Event: 9.527 GC heap before
{Heap before GC invocations=15 (full 0):
 garbage-first heap   total 118784K, used 84269K [0x000000068a400000, 0x0000000800000000)
  region size 4096K, 11 young (45056K), 2 survivors (8192K)
 Metaspace       used 58705K, committed 58944K, reserved 1114112K
  class space    used 6853K, committed 6976K, reserved 1048576K
}
Event: 9.556 GC heap after
{Heap after GC invocations=16 (full 0):
 garbage-first heap   total 118784K, used 52256K [0x000000068a400000, 0x0000000800000000)
  region size 4096K, 2 young (8192K), 2 survivors (8192K)
 Metaspace       used 58705K, committed 58944K, reserved 1114112K
  class space    used 6853K, committed 6976K, reserved 1048576K
}
Event: 11.032 GC heap before
{Heap before GC invocations=16 (full 0):
 garbage-first heap   total 118784K, used 76832K [0x000000068a400000, 0x0000000800000000)
  region size 4096K, 9 young (36864K), 2 survivors (8192K)
 Metaspace       used 60404K, committed 60608K, reserved 1114112K
  class space    used 6953K, committed 7040K, reserved 1048576K
}
Event: 11.049 GC heap after
{Heap after GC invocations=17 (full 0):
 garbage-first heap   total 118784K, used 55010K [0x000000068a400000, 0x0000000800000000)
  region size 4096K, 1 young (4096K), 1 survivors (4096K)
 Metaspace       used 60404K, committed 60608K, reserved 1114112K
  class space    used 6953K, committed 7040K, reserved 1048576K
}
Event: 14.248 GC heap before
{Heap before GC invocations=18 (full 0):
 garbage-first heap   total 118784K, used 87778K [0x000000068a400000, 0x0000000800000000)
  region size 4096K, 9 young (36864K), 1 survivors (4096K)
 Metaspace       used 62779K, committed 63040K, reserved 1114112K
  class space    used 7134K, committed 7232K, reserved 1048576K
}
Event: 14.263 GC heap after
{Heap after GC invocations=19 (full 0):
 garbage-first heap   total 118784K, used 57712K [0x000000068a400000, 0x0000000800000000)
  region size 4096K, 2 young (8192K), 2 survivors (8192K)
 Metaspace       used 62779K, committed 63040K, reserved 1114112K
  class space    used 7134K, committed 7232K, reserved 1048576K
}
Event: 15.880 GC heap before
{Heap before GC invocations=19 (full 0):
 garbage-first heap   total 118784K, used 82288K [0x000000068a400000, 0x0000000800000000)
  region size 4096K, 9 young (36864K), 2 survivors (8192K)
 Metaspace       used 63636K, committed 63936K, reserved 1114112K
  class space    used 7226K, committed 7360K, reserved 1048576K
}
Event: 15.900 GC heap after
{Heap after GC invocations=20 (full 0):
 garbage-first heap   total 118784K, used 62546K [0x000000068a400000, 0x0000000800000000)
  region size 4096K, 2 young (8192K), 2 survivors (8192K)
 Metaspace       used 63636K, committed 63936K, reserved 1114112K
  class space    used 7226K, committed 7360K, reserved 1048576K
}
Event: 17.594 GC heap before
{Heap before GC invocations=21 (full 0):
 garbage-first heap   total 118784K, used 87122K [0x000000068a400000, 0x0000000800000000)
  region size 4096K, 9 young (36864K), 2 survivors (8192K)
 Metaspace       used 64517K, committed 64832K, reserved 1114112K
  class space    used 7318K, committed 7488K, reserved 1048576K
}
Event: 17.614 GC heap after
{Heap after GC invocations=22 (full 0):
 garbage-first heap   total 118784K, used 66104K [0x000000068a400000, 0x0000000800000000)
  region size 4096K, 1 young (4096K), 1 survivors (4096K)
 Metaspace       used 64517K, committed 64832K, reserved 1114112K
  class space    used 7318K, committed 7488K, reserved 1048576K
}
Event: 18.911 GC heap before
{Heap before GC invocations=22 (full 0):
 garbage-first heap   total 118784K, used 90680K [0x000000068a400000, 0x0000000800000000)
  region size 4096K, 7 young (28672K), 1 survivors (4096K)
 Metaspace       used 64675K, committed 64960K, reserved 1114112K
  class space    used 7319K, committed 7488K, reserved 1048576K
}
Event: 18.923 GC heap after
{Heap after GC invocations=23 (full 0):
 garbage-first heap   total 143360K, used 67634K [0x000000068a400000, 0x0000000800000000)
  region size 4096K, 1 young (4096K), 1 survivors (4096K)
 Metaspace       used 64675K, committed 64960K, reserved 1114112K
  class space    used 7319K, committed 7488K, reserved 1048576K
}
Event: 21.511 GC heap before
{Heap before GC invocations=24 (full 0):
 garbage-first heap   total 143360K, used 104498K [0x000000068a400000, 0x0000000800000000)
  region size 4096K, 10 young (40960K), 1 survivors (4096K)
 Metaspace       used 65240K, committed 65536K, reserved 1114112K
  class space    used 7368K, committed 7552K, reserved 1048576K
}
Event: 21.521 GC heap after
{Heap after GC invocations=25 (full 0):
 garbage-first heap   total 143360K, used 69806K [0x000000068a400000, 0x0000000800000000)
  region size 4096K, 1 young (4096K), 1 survivors (4096K)
 Metaspace       used 65240K, committed 65536K, reserved 1114112K
  class space    used 7368K, committed 7552K, reserved 1048576K
}
Event: 23.583 GC heap before
{Heap before GC invocations=25 (full 0):
 garbage-first heap   total 143360K, used 110766K [0x000000068a400000, 0x0000000800000000)
  region size 4096K, 11 young (45056K), 1 survivors (4096K)
 Metaspace       used 65523K, committed 65792K, reserved 1114112K
  class space    used 7380K, committed 7552K, reserved 1048576K
}
Event: 23.596 GC heap after
{Heap after GC invocations=26 (full 0):
 garbage-first heap   total 143360K, used 73046K [0x000000068a400000, 0x0000000800000000)
  region size 4096K, 2 young (8192K), 2 survivors (8192K)
 Metaspace       used 65523K, committed 65792K, reserved 1114112K
  class space    used 7380K, committed 7552K, reserved 1048576K
}
Event: 25.066 GC heap before
{Heap before GC invocations=27 (full 0):
 garbage-first heap   total 143360K, used 109910K [0x000000068a400000, 0x0000000800000000)
  region size 4096K, 11 young (45056K), 2 survivors (8192K)
 Metaspace       used 65804K, committed 66176K, reserved 1114112K
  class space    used 7384K, committed 7552K, reserved 1048576K
}
Event: 25.081 GC heap after
{Heap after GC invocations=28 (full 0):
 garbage-first heap   total 143360K, used 75369K [0x000000068a400000, 0x0000000800000000)
  region size 4096K, 2 young (8192K), 2 survivors (8192K)
 Metaspace       used 65804K, committed 66176K, reserved 1114112K
  class space    used 7384K, committed 7552K, reserved 1048576K
}
Event: 26.389 GC heap before
{Heap before GC invocations=28 (full 0):
 garbage-first heap   total 143360K, used 108137K [0x000000068a400000, 0x0000000800000000)
  region size 4096K, 10 young (40960K), 2 survivors (8192K)
 Metaspace       used 65980K, committed 66304K, reserved 1114112K
  class space    used 7393K, committed 7552K, reserved 1048576K
}
Event: 26.403 GC heap after
{Heap after GC invocations=29 (full 0):
 garbage-first heap   total 143360K, used 78286K [0x000000068a400000, 0x0000000800000000)
  region size 4096K, 2 young (8192K), 2 survivors (8192K)
 Metaspace       used 65980K, committed 66304K, reserved 1114112K
  class space    used 7393K, committed 7552K, reserved 1048576K
}

